<?xml version="1.0" encoding="UTF-8"?>
<testng-results ignored="0" total="1" passed="1" failed="0" skipped="0">
  <reporter-output>
  </reporter-output>
  <suite started-at="2021-04-01T15:39:10 EDT" name="Default suite" finished-at="2021-04-01T15:39:42 EDT" duration-ms="31521">
    <groups>
    </groups>
    <test started-at="2021-04-01T15:39:10 EDT" name="Default test" finished-at="2021-04-01T15:39:42 EDT" duration-ms="31521">
      <class name="kdf.ApplicatioClass">
        <test-method signature="verifyInvalidLogin()[pri:0, instance:kdf.ApplicatioClass@2177849e]" started-at="2021-04-01T15:39:10 EDT" name="verifyInvalidLogin" finished-at="2021-04-01T15:39:42 EDT" duration-ms="31454" status="PASS">
          <reporter-output>
          </reporter-output>
        </test-method> <!-- verifyInvalidLogin -->
      </class> <!-- kdf.ApplicatioClass -->
    </test> <!-- Default test -->
  </suite> <!-- Default suite -->
</testng-results>
